<?xml version="1.0" encoding="UTF-8"?>
<testsuite xmlns:xsi="http://www.w3.org/2001/XMLSchema-instance" xsi:noNamespaceSchemaLocation="https://maven.apache.org/surefire/maven-surefire-plugin/xsd/surefire-test-report-3.0.xsd" version="3.0" name="TestSuite" time="37.628" tests="4" errors="0" skipped="0" failures="1">
  <properties>
    <property name="sun.desktop" value="windows"/>
    <property name="awt.toolkit" value="sun.awt.windows.WToolkit"/>
    <property name="java.specification.version" value="11"/>
    <property name="sun.cpu.isalist" value="amd64"/>
    <property name="sun.jnu.encoding" value="Cp1252"/>
    <property name="java.class.path" value="C:\Div\WorkSpace\RubastFrameWork\target\test-classes;C:\Div\WorkSpace\RubastFrameWork\target\classes;C:\Users\amink\.m2\repository\junit\junit\4.11\junit-4.11.jar;C:\Users\amink\.m2\repository\org\hamcrest\hamcrest-core\1.3\hamcrest-core-1.3.jar;C:\Users\amink\.m2\repository\org\seleniumhq\selenium\selenium-java\3.141.59\selenium-java-3.141.59.jar;C:\Users\amink\.m2\repository\org\seleniumhq\selenium\selenium-api\3.141.59\selenium-api-3.141.59.jar;C:\Users\amink\.m2\repository\org\seleniumhq\selenium\selenium-chrome-driver\3.141.59\selenium-chrome-driver-3.141.59.jar;C:\Users\amink\.m2\repository\org\seleniumhq\selenium\selenium-edge-driver\3.141.59\selenium-edge-driver-3.141.59.jar;C:\Users\amink\.m2\repository\org\seleniumhq\selenium\selenium-firefox-driver\3.141.59\selenium-firefox-driver-3.141.59.jar;C:\Users\amink\.m2\repository\org\seleniumhq\selenium\selenium-ie-driver\3.141.59\selenium-ie-driver-3.141.59.jar;C:\Users\amink\.m2\repository\org\seleniumhq\selenium\selenium-opera-driver\3.141.59\selenium-opera-driver-3.141.59.jar;C:\Users\amink\.m2\repository\org\seleniumhq\selenium\selenium-remote-driver\3.141.59\selenium-remote-driver-3.141.59.jar;C:\Users\amink\.m2\repository\org\seleniumhq\selenium\selenium-safari-driver\3.141.59\selenium-safari-driver-3.141.59.jar;C:\Users\amink\.m2\repository\org\seleniumhq\selenium\selenium-support\3.141.59\selenium-support-3.141.59.jar;C:\Users\amink\.m2\repository\net\bytebuddy\byte-buddy\1.8.15\byte-buddy-1.8.15.jar;C:\Users\amink\.m2\repository\org\apache\commons\commons-exec\1.3\commons-exec-1.3.jar;C:\Users\amink\.m2\repository\com\google\guava\guava\25.0-jre\guava-25.0-jre.jar;C:\Users\amink\.m2\repository\com\google\code\findbugs\jsr305\1.3.9\jsr305-1.3.9.jar;C:\Users\amink\.m2\repository\org\checkerframework\checker-compat-qual\2.0.0\checker-compat-qual-2.0.0.jar;C:\Users\amink\.m2\repository\com\google\errorprone\error_prone_annotations\2.1.3\error_prone_annotations-2.1.3.jar;C:\Users\amink\.m2\repository\com\google\j2objc\j2objc-annotations\1.1\j2objc-annotations-1.1.jar;C:\Users\amink\.m2\repository\org\codehaus\mojo\animal-sniffer-annotations\1.14\animal-sniffer-annotations-1.14.jar;C:\Users\amink\.m2\repository\com\squareup\okhttp3\okhttp\3.11.0\okhttp-3.11.0.jar;C:\Users\amink\.m2\repository\com\squareup\okio\okio\1.14.0\okio-1.14.0.jar;C:\Users\amink\.m2\repository\org\testng\testng\7.3.0\testng-7.3.0.jar;C:\Users\amink\.m2\repository\com\beust\jcommander\1.78\jcommander-1.78.jar;C:\Users\amink\.m2\repository\org\apache\ant\ant\1.10.3\ant-1.10.3.jar;C:\Users\amink\.m2\repository\org\apache\ant\ant-launcher\1.10.3\ant-launcher-1.10.3.jar;C:\Users\amink\.m2\repository\com\google\inject\guice\4.2.2\guice-4.2.2-no_aop.jar;C:\Users\amink\.m2\repository\javax\inject\javax.inject\1\javax.inject-1.jar;C:\Users\amink\.m2\repository\aopalliance\aopalliance\1.0\aopalliance-1.0.jar;C:\Users\amink\.m2\repository\org\yaml\snakeyaml\1.21\snakeyaml-1.21.jar;C:\Users\amink\.m2\repository\org\apache\logging\log4j\log4j-api\2.14.0\log4j-api-2.14.0.jar;C:\Users\amink\.m2\repository\org\apache\logging\log4j\log4j-core\2.14.0\log4j-core-2.14.0.jar;C:\Users\amink\.m2\repository\commons-io\commons-io\2.8.0\commons-io-2.8.0.jar;C:\Users\amink\.m2\repository\com\aventstack\extentreports\5.0.6\extentreports-5.0.6.jar;C:\Users\amink\.m2\repository\io\reactivex\rxjava3\rxjava\3.0.4\rxjava-3.0.4.jar;C:\Users\amink\.m2\repository\org\reactivestreams\reactive-streams\1.0.3\reactive-streams-1.0.3.jar;C:\Users\amink\.m2\repository\org\freemarker\freemarker\2.3.30\freemarker-2.3.30.jar;C:\Users\amink\.m2\repository\org\projectlombok\lombok\1.18.12\lombok-1.18.12.jar;C:\Users\amink\.m2\repository\com\google\code\gson\gson\2.8.6\gson-2.8.6.jar;"/>
    <property name="java.vm.vendor" value="Amazon.com Inc."/>
    <property name="sun.arch.data.model" value="64"/>
    <property name="user.variant" value=""/>
    <property name="java.vendor.url" value="https://aws.amazon.com/corretto/"/>
    <property name="user.timezone" value="America/New_York"/>
    <property name="java.vm.specification.version" value="11"/>
    <property name="os.name" value="Windows 10"/>
    <property name="sun.java.launcher" value="SUN_STANDARD"/>
    <property name="user.country" value="US"/>
    <property name="sun.boot.library.path" value="C:\Program Files\Amazon Corretto\jdk11.0.8_10\bin"/>
    <property name="sun.java.command" value="C:\Users\amink\AppData\Local\Temp\surefire7633252994280085028\surefirebooter15730447840259051945.jar C:\Users\amink\AppData\Local\Temp\surefire7633252994280085028 2021-02-19T22-17-32_990-jvmRun1 surefire10978603232976216947tmp surefire_011560613877839418600tmp"/>
    <property name="jdk.debug" value="release"/>
    <property name="surefire.test.class.path" value="C:\Div\WorkSpace\RubastFrameWork\target\test-classes;C:\Div\WorkSpace\RubastFrameWork\target\classes;C:\Users\amink\.m2\repository\junit\junit\4.11\junit-4.11.jar;C:\Users\amink\.m2\repository\org\hamcrest\hamcrest-core\1.3\hamcrest-core-1.3.jar;C:\Users\amink\.m2\repository\org\seleniumhq\selenium\selenium-java\3.141.59\selenium-java-3.141.59.jar;C:\Users\amink\.m2\repository\org\seleniumhq\selenium\selenium-api\3.141.59\selenium-api-3.141.59.jar;C:\Users\amink\.m2\repository\org\seleniumhq\selenium\selenium-chrome-driver\3.141.59\selenium-chrome-driver-3.141.59.jar;C:\Users\amink\.m2\repository\org\seleniumhq\selenium\selenium-edge-driver\3.141.59\selenium-edge-driver-3.141.59.jar;C:\Users\amink\.m2\repository\org\seleniumhq\selenium\selenium-firefox-driver\3.141.59\selenium-firefox-driver-3.141.59.jar;C:\Users\amink\.m2\repository\org\seleniumhq\selenium\selenium-ie-driver\3.141.59\selenium-ie-driver-3.141.59.jar;C:\Users\amink\.m2\repository\org\seleniumhq\selenium\selenium-opera-driver\3.141.59\selenium-opera-driver-3.141.59.jar;C:\Users\amink\.m2\repository\org\seleniumhq\selenium\selenium-remote-driver\3.141.59\selenium-remote-driver-3.141.59.jar;C:\Users\amink\.m2\repository\org\seleniumhq\selenium\selenium-safari-driver\3.141.59\selenium-safari-driver-3.141.59.jar;C:\Users\amink\.m2\repository\org\seleniumhq\selenium\selenium-support\3.141.59\selenium-support-3.141.59.jar;C:\Users\amink\.m2\repository\net\bytebuddy\byte-buddy\1.8.15\byte-buddy-1.8.15.jar;C:\Users\amink\.m2\repository\org\apache\commons\commons-exec\1.3\commons-exec-1.3.jar;C:\Users\amink\.m2\repository\com\google\guava\guava\25.0-jre\guava-25.0-jre.jar;C:\Users\amink\.m2\repository\com\google\code\findbugs\jsr305\1.3.9\jsr305-1.3.9.jar;C:\Users\amink\.m2\repository\org\checkerframework\checker-compat-qual\2.0.0\checker-compat-qual-2.0.0.jar;C:\Users\amink\.m2\repository\com\google\errorprone\error_prone_annotations\2.1.3\error_prone_annotations-2.1.3.jar;C:\Users\amink\.m2\repository\com\google\j2objc\j2objc-annotations\1.1\j2objc-annotations-1.1.jar;C:\Users\amink\.m2\repository\org\codehaus\mojo\animal-sniffer-annotations\1.14\animal-sniffer-annotations-1.14.jar;C:\Users\amink\.m2\repository\com\squareup\okhttp3\okhttp\3.11.0\okhttp-3.11.0.jar;C:\Users\amink\.m2\repository\com\squareup\okio\okio\1.14.0\okio-1.14.0.jar;C:\Users\amink\.m2\repository\org\testng\testng\7.3.0\testng-7.3.0.jar;C:\Users\amink\.m2\repository\com\beust\jcommander\1.78\jcommander-1.78.jar;C:\Users\amink\.m2\repository\org\apache\ant\ant\1.10.3\ant-1.10.3.jar;C:\Users\amink\.m2\repository\org\apache\ant\ant-launcher\1.10.3\ant-launcher-1.10.3.jar;C:\Users\amink\.m2\repository\com\google\inject\guice\4.2.2\guice-4.2.2-no_aop.jar;C:\Users\amink\.m2\repository\javax\inject\javax.inject\1\javax.inject-1.jar;C:\Users\amink\.m2\repository\aopalliance\aopalliance\1.0\aopalliance-1.0.jar;C:\Users\amink\.m2\repository\org\yaml\snakeyaml\1.21\snakeyaml-1.21.jar;C:\Users\amink\.m2\repository\org\apache\logging\log4j\log4j-api\2.14.0\log4j-api-2.14.0.jar;C:\Users\amink\.m2\repository\org\apache\logging\log4j\log4j-core\2.14.0\log4j-core-2.14.0.jar;C:\Users\amink\.m2\repository\commons-io\commons-io\2.8.0\commons-io-2.8.0.jar;C:\Users\amink\.m2\repository\com\aventstack\extentreports\5.0.6\extentreports-5.0.6.jar;C:\Users\amink\.m2\repository\io\reactivex\rxjava3\rxjava\3.0.4\rxjava-3.0.4.jar;C:\Users\amink\.m2\repository\org\reactivestreams\reactive-streams\1.0.3\reactive-streams-1.0.3.jar;C:\Users\amink\.m2\repository\org\freemarker\freemarker\2.3.30\freemarker-2.3.30.jar;C:\Users\amink\.m2\repository\org\projectlombok\lombok\1.18.12\lombok-1.18.12.jar;C:\Users\amink\.m2\repository\com\google\code\gson\gson\2.8.6\gson-2.8.6.jar;"/>
    <property name="sun.cpu.endian" value="little"/>
    <property name="user.home" value="C:\Users\amink"/>
    <property name="user.language" value="en"/>
    <property name="java.specification.vendor" value="Oracle Corporation"/>
    <property name="java.version.date" value="2020-07-14"/>
    <property name="java.home" value="C:\Program Files\Amazon Corretto\jdk11.0.8_10"/>
    <property name="file.separator" value="\"/>
    <property name="basedir" value="C:\Div\WorkSpace\RubastFrameWork"/>
    <property name="java.vm.compressedOopsMode" value="Zero based"/>
    <property name="line.separator" value="&#10;"/>
    <property name="java.specification.name" value="Java Platform API Specification"/>
    <property name="java.vm.specification.vendor" value="Oracle Corporation"/>
    <property name="java.awt.graphicsenv" value="sun.awt.Win32GraphicsEnvironment"/>
    <property name="surefire.real.class.path" value="C:\Users\amink\AppData\Local\Temp\surefire7633252994280085028\surefirebooter15730447840259051945.jar"/>
    <property name="user.script" value=""/>
    <property name="sun.management.compiler" value="HotSpot 64-Bit Tiered Compilers"/>
    <property name="java.runtime.version" value="11.0.8+10-LTS"/>
    <property name="user.name" value="amink"/>
    <property name="path.separator" value=";"/>
    <property name="os.version" value="10.0"/>
    <property name="java.runtime.name" value="OpenJDK Runtime Environment"/>
    <property name="file.encoding" value="Cp1252"/>
    <property name="java.vm.name" value="OpenJDK 64-Bit Server VM"/>
    <property name="java.vendor.version" value="Corretto-11.0.8.10.1"/>
    <property name="localRepository" value="C:\Users\amink\.m2\repository"/>
    <property name="java.vendor.url.bug" value="https://github.com/corretto/corretto-11/issues/"/>
    <property name="java.io.tmpdir" value="C:\Users\amink\AppData\Local\Temp\"/>
    <property name="java.version" value="11.0.8"/>
    <property name="user.dir" value="C:\Div\WorkSpace\RubastFrameWork"/>
    <property name="os.arch" value="amd64"/>
    <property name="webdriver.gecko.driver" value="C:\Div\WorkSpace\RubastFrameWork/AllSeleniumDriver/geckodriver.exe"/>
    <property name="java.vm.specification.name" value="Java Virtual Machine Specification"/>
    <property name="java.awt.printerjob" value="sun.awt.windows.WPrinterJob"/>
    <property name="sun.os.patch.level" value=""/>
    <property name="java.library.path" value="C:\Program Files\Amazon Corretto\jdk11.0.8_10\bin;C:\WINDOWS\Sun\Java\bin;C:\WINDOWS\system32;C:\WINDOWS;C:\Program Files\Amazon Corretto\jdk11.0.8_10\bin;C:\WINDOWS\system32;C:\WINDOWS;C:\WINDOWS\System32\Wbem;C:\WINDOWS\System32\WindowsPowerShell\v1.0\;C:\WINDOWS\System32\OpenSSH\;C:\Work_Maven\apache-maven-3.6.3\bin;C:\Program Files\Microsoft SQL Server\Client SDK\ODBC\130\Tools\Binn\;C:\Program Files (x86)\Microsoft SQL Server\140\Tools\Binn\;C:\Program Files\Microsoft SQL Server\140\Tools\Binn\;C:\Program Files\Microsoft SQL Server\140\DTS\Binn\;C:\Program Files (x86)\Microsoft SQL Server\150\DTS\Binn\;C:\Program Files\dotnet\;C:\Program Files\SourceGear\Common\DiffMerge\;C:\Users\amink\AppData\Local\Microsoft\WindowsApps;C:\Users\amink\.dotnet\tools;;."/>
    <property name="java.vm.info" value="mixed mode"/>
    <property name="java.vendor" value="Amazon.com Inc."/>
    <property name="java.vm.version" value="11.0.8+10-LTS"/>
    <property name="sun.io.unicode.encoding" value="UnicodeLittle"/>
    <property name="java.class.version" value="55.0"/>
  </properties>
  <testcase name="basePage" classname="rubastFrameWorkPackage.ValidateTitle" time="1.346">
    <failure message="expected:&lt;FEATURED COURSES[123]&gt; but was:&lt;FEATURED COURSES[]&gt;" type="org.junit.ComparisonFailure"><![CDATA[org.junit.ComparisonFailure: expected:<FEATURED COURSES[123]> but was:<FEATURED COURSES[]>
	at rubastFrameWorkPackage.ValidateTitle.basePage(ValidateTitle.java:39)
]]></failure>
    <system-out><![CDATA[C:\Div\WorkSpace\RubastFrameWork
[INFO ] 2021-02-19 22:17:38.540 [main] ValidateTitle - Driver is initilize Successfully
[INFO ] 2021-02-19 22:17:44.839 [main] ValidateTitle - Page title Successfull
FEATURED COURSES
]]></system-out>
    <system-err><![CDATA[1613791054846	geckodriver	INFO	Listening on 127.0.0.1:28290
1613791055496	mozrunner::runner	INFO	Running command: "C:\\Program Files\\Mozilla Firefox\\firefox.exe" "--marionette" "-foreground" "-no-remote" "-profile" "C:\\Users\\amink\\AppData\\Local\\Temp\\rust_mozprofile0wTVKT"
console.warn: SearchSettings: "get: No settings file exists, new profile?" (new Error("", "(unknown module)"))
console.warn: SearchSettings: "get: No settings file exists, new profile?" (new Error("", "(unknown module)"))
1613791057969	Marionette	INFO	Listening on port 55652
1613791058188	Marionette	WARN	TLS certificate errors will be ignored for this session
1613791058198	Marionette	ERROR	[18] No reply from Marionette:Register
Feb 19, 2021 10:17:38 PM org.openqa.selenium.remote.ProtocolHandshake createSession
INFO: Detected dialect: W3C
]]></system-err>
  </testcase>
  <testcase name="basePage[abc@qw.com, amin123457, Restricted user](1)" classname="rubastFrameWorkPackage.HomePageNavigation" time="8.899">
    <system-out><![CDATA[C:\Div\WorkSpace\RubastFrameWork
[INFO ] 2021-02-19 22:17:49.123 [main] ValidateTitle - Driver Initilized successfully
[INFO ] 2021-02-19 22:17:52.966 [main] ValidateTitle - Navigate to the URL successfull
FEATURED COURSES
[INFO ] 2021-02-19 22:17:55.662 [main] ValidateTitle - Username validate successfully
[INFO ] 2021-02-19 22:17:56.709 [main] ValidateTitle - Password validate successfully
Restricted user
]]></system-out>
    <system-err><![CDATA[1613791065393	Marionette	INFO	Stopped listening on port 55652

###!!! [Child][RunMessage] Error: Channel closing: too late to send/recv, messages will be lost

1613791066260	geckodriver	INFO	Listening on 127.0.0.1:10751
1613791066763	mozrunner::runner	INFO	Running command: "C:\\Program Files\\Mozilla Firefox\\firefox.exe" "--marionette" "-foreground" "-no-remote" "-profile" "C:\\Users\\amink\\AppData\\Local\\Temp\\rust_mozprofilejHcdNp"
console.warn: SearchSettings: "get: No settings file exists, new profile?" (new Error("", "(unknown module)"))
console.warn: SearchSettings: "get: No settings file exists, new profile?" (new Error("", "(unknown module)"))
1613791068562	Marionette	INFO	Listening on port 55736
1613791068826	Marionette	WARN	TLS certificate errors will be ignored for this session
1613791068835	Marionette	ERROR	[15] No reply from Marionette:Register
Feb 19, 2021 10:17:48 PM org.openqa.selenium.remote.ProtocolHandshake createSession
INFO: Detected dialect: W3C
]]></system-err>
  </testcase>
  <testcase name="basePage[mamin@yahoo.com, amin1234, Non-Restricted user](2)" classname="rubastFrameWorkPackage.HomePageNavigation" time="6.126">
    <system-out><![CDATA[[INFO ] 2021-02-19 22:18:00.439 [main] ValidateTitle - Navigate to the URL successfull
FEATURED COURSES
[INFO ] 2021-02-19 22:18:01.829 [main] ValidateTitle - Username validate successfully
[INFO ] 2021-02-19 22:18:02.879 [main] ValidateTitle - Password validate successfully
Non-Restricted user
]]></system-out>
  </testcase>
  <testcase name="basePage[mamin3498@yahoo.com, amin3498, New User](3)" classname="rubastFrameWorkPackage.HomePageNavigation" time="6.554">
    <system-out><![CDATA[[INFO ] 2021-02-19 22:18:06.617 [main] ValidateTitle - Navigate to the URL successfull
FEATURED COURSES
[INFO ] 2021-02-19 22:18:07.993 [main] ValidateTitle - Username validate successfully
[INFO ] 2021-02-19 22:18:09.042 [main] ValidateTitle - Password validate successfully
New User
]]></system-out>
  </testcase>
</testsuite>