<?xml version="1.0" encoding="UTF-8"?>
<!-- Generated by org.testng.reporters.JUnitReportReporter -->
<testsuite hostname="DESKTOP-G6478IJ" failures="0" tests="3" name="rubastFrameWorkPackage.HomePageNavigation" time="22.206" errors="0" timestamp="2021-02-18T23:15:39 EST" skipped="0">
  <testcase classname="rubastFrameWorkPackage.HomePageNavigation" name="basePage" time="6.676"/>
  <system-out/>
  <testcase classname="rubastFrameWorkPackage.HomePageNavigation" name="basePage" time="6.182"/>
  <system-out/>
  <testcase classname="rubastFrameWorkPackage.HomePageNavigation" name="basePage" time="9.348"/>
  <system-out/>
</testsuite> <!-- rubastFrameWorkPackage.HomePageNavigation -->
