<?xml version="1.0" encoding="UTF-8"?>
<!-- Generated by org.testng.reporters.JUnitReportReporter -->
<testsuite hostname="DESKTOP-G6478IJ" failures="0" tests="3" name="rubastFrameWorkPackage.HomePageNavigation" time="24.095" errors="0" timestamp="2021-02-22T21:52:41 EST" skipped="0">
  <testcase classname="rubastFrameWorkPackage.HomePageNavigation" name="basePage" time="10.944"/>
  <system-out/>
  <testcase classname="rubastFrameWorkPackage.HomePageNavigation" name="basePage" time="6.600"/>
  <system-out/>
  <testcase classname="rubastFrameWorkPackage.HomePageNavigation" name="basePage" time="6.551"/>
  <system-out/>
</testsuite> <!-- rubastFrameWorkPackage.HomePageNavigation -->
