<?xml version="1.0" encoding="UTF-8"?>
<!-- Generated by org.testng.reporters.JUnitReportReporter -->
<testsuite hostname="DESKTOP-G6478IJ" failures="0" tests="1" name="rubastFrameWorkPackage.ValidateTitle" time="2.739" errors="0" timestamp="2021-02-22T21:51:49 EST" skipped="0">
  <testcase classname="rubastFrameWorkPackage.ValidateTitle" name="basePage" time="2.739"/>
  <system-out/>
</testsuite> <!-- rubastFrameWorkPackage.ValidateTitle -->
