<?xml version="1.0" encoding="UTF-8"?>
<!-- Generated by org.testng.reporters.JUnitReportReporter -->
<testsuite hostname="DESKTOP-G6478IJ" failures="0" tests="3" name="rubastFrameWorkPackage.HomePageNavigation" time="21.607" errors="0" timestamp="2021-02-19T22:18:11 EST" skipped="0">
  <testcase classname="rubastFrameWorkPackage.HomePageNavigation" name="basePage" time="6.137"/>
  <system-out/>
  <testcase classname="rubastFrameWorkPackage.HomePageNavigation" name="basePage" time="6.553"/>
  <system-out/>
  <testcase classname="rubastFrameWorkPackage.HomePageNavigation" name="basePage" time="8.917"/>
  <system-out/>
</testsuite> <!-- rubastFrameWorkPackage.HomePageNavigation -->
